22-Mar-2022 20:20:32.122 INFO [main] org.apache.catalina.startup.VersionLoggerListener.log Nombre de la versión del servidor: Apache Tomcat/9.0.55
22-Mar-2022 20:20:32.125 INFO [main] org.apache.catalina.startup.VersionLoggerListener.log Server built:                      Nov 10 2021 08:26:45 UTC
22-Mar-2022 20:20:32.126 INFO [main] org.apache.catalina.startup.VersionLoggerListener.log Número de versión de servidor:     9.0.55.0
22-Mar-2022 20:20:32.126 INFO [main] org.apache.catalina.startup.VersionLoggerListener.log OS Name:                           Windows 10
22-Mar-2022 20:20:32.126 INFO [main] org.apache.catalina.startup.VersionLoggerListener.log Versión de Systema Operativo:      10.0
22-Mar-2022 20:20:32.126 INFO [main] org.apache.catalina.startup.VersionLoggerListener.log Arquitectura:                      amd64
22-Mar-2022 20:20:32.126 INFO [main] org.apache.catalina.startup.VersionLoggerListener.log Java Home:                         C:\Program Files\Java\jdk-16.0.1
22-Mar-2022 20:20:32.127 INFO [main] org.apache.catalina.startup.VersionLoggerListener.log JVM Version:                       16.0.1+9-24
22-Mar-2022 20:20:32.127 INFO [main] org.apache.catalina.startup.VersionLoggerListener.log Vededor JVM:                       Oracle Corporation
22-Mar-2022 20:20:32.127 INFO [main] org.apache.catalina.startup.VersionLoggerListener.log CATALINA_BASE:                     C:\apache-tomcat-9.0.55
22-Mar-2022 20:20:32.127 INFO [main] org.apache.catalina.startup.VersionLoggerListener.log CATALINA_HOME:                     C:\apache-tomcat-9.0.55
22-Mar-2022 20:20:32.142 INFO [main] org.apache.catalina.startup.VersionLoggerListener.log Command line argument:             --add-opens=java.base/java.lang=ALL-UNNAMED
22-Mar-2022 20:20:32.142 INFO [main] org.apache.catalina.startup.VersionLoggerListener.log Command line argument:             --add-opens=java.base/java.io=ALL-UNNAMED
22-Mar-2022 20:20:32.142 INFO [main] org.apache.catalina.startup.VersionLoggerListener.log Command line argument:             --add-opens=java.base/java.util=ALL-UNNAMED
22-Mar-2022 20:20:32.142 INFO [main] org.apache.catalina.startup.VersionLoggerListener.log Command line argument:             --add-opens=java.base/java.util.concurrent=ALL-UNNAMED
22-Mar-2022 20:20:32.142 INFO [main] org.apache.catalina.startup.VersionLoggerListener.log Command line argument:             --add-opens=java.rmi/sun.rmi.transport=ALL-UNNAMED
22-Mar-2022 20:20:32.143 INFO [main] org.apache.catalina.startup.VersionLoggerListener.log Command line argument:             -Djava.util.logging.config.file=C:\apache-tomcat-9.0.55\conf\logging.properties
22-Mar-2022 20:20:32.143 INFO [main] org.apache.catalina.startup.VersionLoggerListener.log Command line argument:             -Djava.util.logging.manager=org.apache.juli.ClassLoaderLogManager
22-Mar-2022 20:20:32.143 INFO [main] org.apache.catalina.startup.VersionLoggerListener.log Command line argument:             -Djdk.tls.ephemeralDHKeySize=2048
22-Mar-2022 20:20:32.143 INFO [main] org.apache.catalina.startup.VersionLoggerListener.log Command line argument:             -Djava.protocol.handler.pkgs=org.apache.catalina.webresources
22-Mar-2022 20:20:32.143 INFO [main] org.apache.catalina.startup.VersionLoggerListener.log Command line argument:             -Dignore.endorsed.dirs=
22-Mar-2022 20:20:32.143 INFO [main] org.apache.catalina.startup.VersionLoggerListener.log Command line argument:             -Dcatalina.base=C:\apache-tomcat-9.0.55
22-Mar-2022 20:20:32.143 INFO [main] org.apache.catalina.startup.VersionLoggerListener.log Command line argument:             -Dcatalina.home=C:\apache-tomcat-9.0.55
22-Mar-2022 20:20:32.144 INFO [main] org.apache.catalina.startup.VersionLoggerListener.log Command line argument:             -Djava.io.tmpdir=C:\apache-tomcat-9.0.55\temp
22-Mar-2022 20:20:32.174 INFO [main] org.apache.catalina.core.AprLifecycleListener.lifecycleEvent Cargada la biblioteca nativa APR de Apache Tomcat [1.2.31] con la versión APR [1.7.0].
22-Mar-2022 20:20:32.174 INFO [main] org.apache.catalina.core.AprLifecycleListener.lifecycleEvent Capacidades APR: IPv6 [true], enviar fichero [true], aceptar filtros [false], aleatorio [true], UDS [true].
22-Mar-2022 20:20:32.174 INFO [main] org.apache.catalina.core.AprLifecycleListener.lifecycleEvent APR/OpenSSL configuration: useAprConnector [false], useOpenSSL [true]
22-Mar-2022 20:20:32.194 INFO [main] org.apache.catalina.core.AprLifecycleListener.initializeSSL OpenSSL inicializado correctamente [OpenSSL 1.1.1l  24 Aug 2021]
22-Mar-2022 20:20:32.593 INFO [main] org.apache.coyote.AbstractProtocol.init Inicializando el manejador de protocolo ["http-nio-8080"]

22-Mar-2022 20:20:32.641 INFO [main] org.apache.catalina.startup.Catalina.load Server initialization in [781] milliseconds
22-Mar-2022 20:20:32.722 INFO [main] org.apache.catalina.core.StandardService.startInternal Arrancando servicio [Catalina]
22-Mar-2022 20:20:32.722 INFO [main] org.apache.catalina.core.StandardEngine.startInternal Starting Servlet engine: [Apache Tomcat/9.0.55]
22-Mar-2022 20:20:32.744 INFO [main] org.apache.catalina.startup.HostConfig.deployDescriptor Desplieque del descriptor de configuración [C:\apache-tomcat-9.0.55\conf\Catalina\localhost\CRUDAPACHE.xml]
22-Mar-2022 20:20:32.768 WARNING [main] org.apache.catalina.startup.HostConfig.deployDescriptor The path attribute with value [/CRUDAPACHE] in deployment descriptor [C:\apache-tomcat-9.0.55\conf\Catalina\localhost\CRUDAPACHE.xml] has been ignored
22-Mar-2022 20:20:33.775 INFO [main] org.apache.jasper.servlet.TldScanner.scanJars Al menos un JAR, que se ha explorado buscando TLDs, aún no contenía TLDs. Activar historial de depuración para este historiador para una completa lista de los JARs que fueron explorados y de los que nos se halló TLDs. Saltarse JARs no necesarios durante la exploración puede dar lugar a una mejora de tiempo significativa en el arranque y compilación de JSP .
22-Mar-2022 20:20:33.883 INFO [main] org.apache.catalina.startup.HostConfig.deployDescriptor Deployment of deployment descriptor [C:\apache-tomcat-9.0.55\conf\Catalina\localhost\CRUDAPACHE.xml] has finished in [1.136] ms
22-Mar-2022 20:20:33.883 INFO [main] org.apache.catalina.startup.HostConfig.deployDescriptor Desplieque del descriptor de configuración [C:\apache-tomcat-9.0.55\conf\Catalina\localhost\PRACTICA1.xml]
22-Mar-2022 20:20:33.884 WARNING [main] org.apache.catalina.startup.HostConfig.deployDescriptor The path attribute with value [/PRACTICA1] in deployment descriptor [C:\apache-tomcat-9.0.55\conf\Catalina\localhost\PRACTICA1.xml] has been ignored
22-Mar-2022 20:20:33.943 INFO [main] org.apache.catalina.startup.HostConfig.deployDescriptor Deployment of deployment descriptor [C:\apache-tomcat-9.0.55\conf\Catalina\localhost\PRACTICA1.xml] has finished in [60] ms
22-Mar-2022 20:20:33.943 INFO [main] org.apache.catalina.startup.HostConfig.deployDescriptor Desplieque del descriptor de configuración [C:\apache-tomcat-9.0.55\conf\Catalina\localhost\Prueba.xml]
22-Mar-2022 20:20:33.944 WARNING [main] org.apache.catalina.startup.HostConfig.deployDescriptor The path attribute with value [/Prueba] in deployment descriptor [C:\apache-tomcat-9.0.55\conf\Catalina\localhost\Prueba.xml] has been ignored
22-Mar-2022 20:20:33.989 INFO [main] org.apache.catalina.startup.HostConfig.deployDescriptor Deployment of deployment descriptor [C:\apache-tomcat-9.0.55\conf\Catalina\localhost\Prueba.xml] has finished in [46] ms
22-Mar-2022 20:20:33.990 INFO [main] org.apache.catalina.startup.HostConfig.deployDirectory Desplegando el directorio [C:\apache-tomcat-9.0.55\webapps\docs] de la aplicación web
22-Mar-2022 20:20:34.026 INFO [main] org.apache.catalina.startup.HostConfig.deployDirectory Deployment of web application directory [C:\apache-tomcat-9.0.55\webapps\docs] has finished in [36] ms
22-Mar-2022 20:20:34.026 INFO [main] org.apache.catalina.startup.HostConfig.deployDirectory Desplegando el directorio [C:\apache-tomcat-9.0.55\webapps\examples] de la aplicación web
22-Mar-2022 20:20:34.732 INFO [main] org.apache.catalina.startup.HostConfig.deployDirectory Deployment of web application directory [C:\apache-tomcat-9.0.55\webapps\examples] has finished in [706] ms
22-Mar-2022 20:20:34.732 INFO [main] org.apache.catalina.startup.HostConfig.deployDirectory Desplegando el directorio [C:\apache-tomcat-9.0.55\webapps\host-manager] de la aplicación web
22-Mar-2022 20:20:34.798 INFO [main] org.apache.catalina.startup.HostConfig.deployDirectory Deployment of web application directory [C:\apache-tomcat-9.0.55\webapps\host-manager] has finished in [65] ms
22-Mar-2022 20:20:34.798 INFO [main] org.apache.catalina.startup.HostConfig.deployDirectory Desplegando el directorio [C:\apache-tomcat-9.0.55\webapps\manager] de la aplicación web
22-Mar-2022 20:20:34.866 INFO [main] org.apache.catalina.startup.HostConfig.deployDirectory Deployment of web application directory [C:\apache-tomcat-9.0.55\webapps\manager] has finished in [68] ms
22-Mar-2022 20:20:34.866 INFO [main] org.apache.catalina.startup.HostConfig.deployDirectory Desplegando el directorio [C:\apache-tomcat-9.0.55\webapps\ROOT] de la aplicación web
22-Mar-2022 20:20:34.917 INFO [main] org.apache.catalina.startup.HostConfig.deployDirectory Deployment of web application directory [C:\apache-tomcat-9.0.55\webapps\ROOT] has finished in [50] ms
22-Mar-2022 20:20:34.922 INFO [main] org.apache.coyote.AbstractProtocol.start Starting ProtocolHandler ["http-nio-8080"]
22-Mar-2022 20:20:35.061 INFO [main] org.apache.catalina.startup.Catalina.start Server startup in [2417] milliseconds
22-Mar-2022 20:20:40.726 INFO [http-nio-8080-exec-10] org.apache.catalina.startup.HostConfig.deployDescriptor Desplieque del descriptor de configuración [C:\apache-tomcat-9.0.55\conf\Catalina\localhost\PrjEjemploPrueba.xml]
22-Mar-2022 20:20:40.727 WARNING [http-nio-8080-exec-10] org.apache.catalina.startup.HostConfig.deployDescriptor The path attribute with value [/PrjEjemploPrueba] in deployment descriptor [C:\apache-tomcat-9.0.55\conf\Catalina\localhost\PrjEjemploPrueba.xml] has been ignored
22-Mar-2022 20:20:40.785 INFO [http-nio-8080-exec-10] org.apache.catalina.startup.HostConfig.deployDescriptor Deployment of deployment descriptor [C:\apache-tomcat-9.0.55\conf\Catalina\localhost\PrjEjemploPrueba.xml] has finished in [60] ms
22-Mar-2022 20:20:40.790 INFO [http-nio-8080-exec-2] org.apache.catalina.util.LifecycleBase.start The start() method was called on component [StandardEngine[Catalina].StandardHost[localhost].StandardContext[/PrjEjemploPrueba]] after start() had already been called. The second call will be ignored.
22-Mar-2022 21:54:11.042 INFO [main] org.apache.catalina.core.StandardServer.await Se ha recibido un comando de apagado a través del puerto de apagado. Parando la instancia del Servidor.
22-Mar-2022 21:54:11.044 INFO [main] org.apache.coyote.AbstractProtocol.pause Pausing ProtocolHandler ["http-nio-8080"]
22-Mar-2022 21:54:11.061 INFO [main] org.apache.catalina.core.StandardService.stopInternal Parando servicio [Catalina]
22-Mar-2022 21:54:11.132 INFO [main] org.apache.coyote.AbstractProtocol.stop Stopping ProtocolHandler ["http-nio-8080"]
22-Mar-2022 21:54:11.143 INFO [main] org.apache.coyote.AbstractProtocol.destroy Destroying ProtocolHandler ["http-nio-8080"]
